生成启动时间为 2014/7/15 14:03:34。
     1>项目“E:\Perception-master\DxHijack\DxHijack32\DxHijack32.vcxproj”在节点 2 上(Build 个目标)。
     1>ClCompile:
         C:\Program Files (x86)\Microsoft Visual Studio 12.0\VC\bin\x86_amd64\CL.exe /c /Zi /nologo /W1 /WX- /O2 /Gm- /EHsc /MD /GS /fp:precise /Zc:wchar_t /Zc:forScope /Fo"x64\Debug x64\\" /Fd"x64\Debug x64\vc120.pdb" /Gd /TP /errorReport:prompt apihijack.cpp dllmain.cpp
         apihijack.cpp
     1>apihijack.cpp(16): error C4235: 使用了非标准扩展: 不支持在此结构上使用“__asm”关键字
     1>apihijack.cpp(22): error C2065: “pushad”: 未声明的标识符
     1>apihijack.cpp(22): error C2146: 语法错误: 缺少“;”(在标识符“PDWORD”的前面)
     1>apihijack.cpp(22): error C2146: 语法错误: 缺少“;”(在标识符“pRetAddr”的前面)
     1>apihijack.cpp(22): error C2275: “PDWORD”: 将此类型用作表达式非法
                 C:\Program Files (x86)\Windows Kits\8.1\Include\shared\minwindef.h(171) : 参见“PDWORD”的声明
     1>apihijack.cpp(22): error C2065: “pRetAddr”: 未声明的标识符
     1>apihijack.cpp(24): error C2065: “pRetAddr”: 未声明的标识符
     1>apihijack.cpp(39): error C4235: 使用了非标准扩展: 不支持在此结构上使用“__asm”关键字
     1>apihijack.cpp(40): error C2065: “popad”: 未声明的标识符
     1>apihijack.cpp(40): error C2143: 语法错误 : 缺少“;”(在“}”的前面)
         dllmain.cpp
     1>dllmain.cpp(33): fatal error C1083: 无法打开包括文件: “d3dx9.h”: No such file or directory
         正在生成代码...
     1>已完成生成项目“E:\Perception-master\DxHijack\DxHijack32\DxHijack32.vcxproj”(Build 个目标)的操作 - 失败。

生成失败。

已用时间 00:00:00.57
