e:\perception-master\perception\perception\debug dx11\vc120.pdb
e:\perception-master\perception\perception\debug dx11\vc120.idb
e:\perception-master\perception\perception\debug dx11\proxyhelper.obj
e:\perception-master\perception\perception\debug dx11\pugixml.obj
e:\perception-master\perception\perception\debug dx11\main.obj
e:\perception-master\debug dx11\perception\img\logo.bmp
e:\perception-master\debug dx11\perception\bin\perception.ilk
e:\perception-master\debug dx11\perception\bin\perception.exe
e:\perception-master\debug dx11\perception\bin\perception.pdb
e:\perception-master\debug dx11\perception\bin\perception.lib
e:\perception-master\debug dx11\perception\bin\perception.exp
e:\perception-master\perception\perception\debug dx11\app.res
e:\perception-master\perception\perception\debug dx11\perception.tlog\cl.command.1.tlog
e:\perception-master\perception\perception\debug dx11\perception.tlog\cl.read.1.tlog
e:\perception-master\perception\perception\debug dx11\perception.tlog\cl.write.1.tlog
e:\perception-master\perception\perception\debug dx11\perception.tlog\custombuild.command.1.tlog
e:\perception-master\perception\perception\debug dx11\perception.tlog\custombuild.read.1.tlog
e:\perception-master\perception\perception\debug dx11\perception.tlog\custombuild.write.1.tlog
e:\perception-master\perception\perception\debug dx11\perception.tlog\link.command.1.tlog
e:\perception-master\perception\perception\debug dx11\perception.tlog\link.read.1.tlog
e:\perception-master\perception\perception\debug dx11\perception.tlog\link.write.1.tlog
e:\perception-master\perception\perception\debug dx11\perception.tlog\perception.write.1u.tlog
e:\perception-master\perception\perception\debug dx11\perception.tlog\rc.command.1.tlog
e:\perception-master\perception\perception\debug dx11\perception.tlog\rc.read.1.tlog
e:\perception-master\perception\perception\debug dx11\perception.tlog\rc.write.1.tlog
